Using pre-set license
Built from 'trunk' branch; Version is '2021.2.0a5 (4a734693b889) revision 4879174'; Using compiler version '192829333'; Build Type 'Release'
OS: 'Windows 10 Pro; OS build 18363.1379; Version 1909; 64bit' Language: 'ko' Physical Memory: 32665 MB
BatchMode: 1, IsHumanControllingUs: 0, StartBugReporterOnCrash: 0, Is64bit: 1, IsPro: 0

 COMMAND LINE ARGUMENTS:
C:\Program Files\Unity\Hub\Editor\2021.2.0a5\Editor\Unity.exe
-adb2
-batchMode
-noUpm
-name
AssetImportWorker0
-projectPath
C:/work/mapbox-unity-sdk/sdkproject
-logFile
Logs/AssetImportWorker0.log
-srvPort
53759
Successfully changed project path to: C:/work/mapbox-unity-sdk/sdkproject
C:/work/mapbox-unity-sdk/sdkproject
Using Asset Import Pipeline V2.
Refreshing native plugins compatible for Editor in 109.42 ms, found 1 plugins.
Preloading 0 native plugins for Editor in 0.00 ms.
Initialize engine version: 2021.2.0a5 (4a734693b889)
[Subsystems] Discovering subsystems at path C:/Program Files/Unity/Hub/Editor/2021.2.0a5/Editor/Data/Resources/UnitySubsystems
[Subsystems] Discovering subsystems at path C:/work/mapbox-unity-sdk/sdkproject/Assets
GfxDevice: creating device client; threaded=0; jobified=0
Direct3D:
    Version:  Direct3D 11.0 [level 11.1]
    Renderer: Intel(R) UHD Graphics 630 (ID=0x3e92)
    Vendor:   Intel
    VRAM:     16332 MB
    Driver:   27.20.100.9126
Initialize mono
Mono path[0] = 'C:/Program Files/Unity/Hub/Editor/2021.2.0a5/Editor/Data/Managed'
Mono path[1] = 'C:/Program Files/Unity/Hub/Editor/2021.2.0a5/Editor/Data/MonoBleedingEdge/lib/mono/unityjit'
Mono config path = 'C:/Program Files/Unity/Hub/Editor/2021.2.0a5/Editor/Data/MonoBleedingEdge/etc'
Using monoOptions --debugger-agent=transport=dt_socket,embedding=1,server=y,suspend=n,address=127.0.0.1:56696
Begin MonoManager ReloadAssembly
Registering precompiled unity dll's ...
Register platform support module: C:/Program Files/Unity/Hub/Editor/2021.2.0a5/Editor/Data/PlaybackEngines/WindowsStandaloneSupport/UnityEditor.WindowsStandalone.Extensions.dll
Registered in 0.001471 seconds.
Native extension for WindowsStandalone target not found
Refreshing native plugins compatible for Editor in 95.80 ms, found 1 plugins.
Preloading 0 native plugins for Editor in 0.00 ms.
Mono: successfully reloaded assembly
- Completed reload, in  1.365 seconds
Platform modules already initialized, skipping
Registering precompiled user dll's ...
Registered in 0.010180 seconds.
Begin MonoManager ReloadAssembly
Native extension for WindowsStandalone target not found
Refreshing native plugins compatible for Editor in 125.52 ms, found 1 plugins.
Preloading 0 native plugins for Editor in 0.00 ms.
UnityIAP: [InitializeOnLoad] Facebook Check
UnityIAP: Runtime [2021.2.0a5]
UnityIAP: Current Build is Android:StandaloneWindows64
UnityIAP: stub FacebookStore.dll disabled
Package Manager log level set to [2]
Mono: successfully reloaded assembly
- Completed reload, in  1.295 seconds
Platform modules already initialized, skipping
========================================================================
Worker process is ready to serve import requests
Launched and connected shader compiler UnityShaderCompiler.exe after 0.03 seconds
Refreshing native plugins compatible for Editor in 1.12 ms, found 1 plugins.
Preloading 0 native plugins for Editor in 0.00 ms.
Unloading 4566 Unused Serialized files (Serialized files now loaded: 0)
System memory in use before: 161.1 MB.
System memory in use after: 161.4 MB.

Unloading 91 unused Assets to reduce memory usage. Loaded Objects now: 4968.
Total: 5.218700 ms (FindLiveObjects: 0.307400 ms CreateObjectMapping: 0.237500 ms MarkObjects: 4.592200 ms  DeleteObjects: 0.081000 ms)

========================================================================
Received Import Request.
  path: Assets/NewAssembly.asmdef
  artifactKey: Guid(063a6c31cfc12a941a29bf8afac639d0) Importer(815301076,1909f56bfc062723c751e8b465ee728b)
Start importing Assets/NewAssembly.asmdef using Guid(063a6c31cfc12a941a29bf8afac639d0) Importer(815301076,1909f56bfc062723c751e8b465ee728b)  -> (artifact id: '9faa979a4bd9c5deb00ab0bd120f9605') in 0.021507 seconds 
========================================================================
Received Import Request.
  Time since last request: 34.954366 seconds.
  path: Assets/NewAssembly.asmdef
  artifactKey: Guid(063a6c31cfc12a941a29bf8afac639d0) Importer(815301076,1909f56bfc062723c751e8b465ee728b)
Start importing Assets/NewAssembly.asmdef using Guid(063a6c31cfc12a941a29bf8afac639d0) Importer(815301076,1909f56bfc062723c751e8b465ee728b)  -> (artifact id: 'bfe5062debc9686a80771a67e4521e57') in 0.007220 seconds 
========================================================================
Received Import Request.
  Time since last request: 3.855235 seconds.
  path: Assets/iOSUnityMultipeer.asmdef
  artifactKey: Guid(063a6c31cfc12a941a29bf8afac639d0) Importer(815301076,1909f56bfc062723c751e8b465ee728b)
Start importing Assets/iOSUnityMultipeer.asmdef using Guid(063a6c31cfc12a941a29bf8afac639d0) Importer(815301076,1909f56bfc062723c751e8b465ee728b)  -> (artifact id: '353de1148a97f91b81225cdadb34887c') in 0.012273 seconds 
========================================================================
Received Import Request.
  Time since last request: 104.412705 seconds.
  path: Assets/iOSUnityMultipeer.asmdef
  artifactKey: Guid(063a6c31cfc12a941a29bf8afac639d0) Importer(815301076,1909f56bfc062723c751e8b465ee728b)
Start importing Assets/iOSUnityMultipeer.asmdef using Guid(063a6c31cfc12a941a29bf8afac639d0) Importer(815301076,1909f56bfc062723c751e8b465ee728b)  -> (artifact id: '94a453950d29ce7b1efb6b16d57c6512') in 0.007786 seconds 
========================================================================
Received Import Request.
  Time since last request: 180.349698 seconds.
  path: Assets
  artifactKey: Guid(00000000000000001000000000000000) Importer(815301076,1909f56bfc062723c751e8b465ee728b)
Start importing Assets using Guid(00000000000000001000000000000000) Importer(815301076,1909f56bfc062723c751e8b465ee728b)  -> (artifact id: 'df42e0bcfb3ea626628686b001b3de9a') in 0.008435 seconds 
========================================================================
Received Import Request.
  Time since last request: 4.936087 seconds.
  path: Assets/NewAssemblyReference.asmref
  artifactKey: Guid(deb2b060b2fcd344c9dbbd50c626f4d4) Importer(815301076,1909f56bfc062723c751e8b465ee728b)
Start importing Assets/NewAssemblyReference.asmref using Guid(deb2b060b2fcd344c9dbbd50c626f4d4) Importer(815301076,1909f56bfc062723c751e8b465ee728b)  -> (artifact id: '17c33b6d0523f253400bead08c0d35a7') in 0.009141 seconds 
========================================================================
Received Import Request.
  Time since last request: 8.578325 seconds.
  path: Assets/NewAssemblyReference.asmref
  artifactKey: Guid(deb2b060b2fcd344c9dbbd50c626f4d4) Importer(815301076,1909f56bfc062723c751e8b465ee728b)
Start importing Assets/NewAssemblyReference.asmref using Guid(deb2b060b2fcd344c9dbbd50c626f4d4) Importer(815301076,1909f56bfc062723c751e8b465ee728b)  -> (artifact id: '8d11a3abd3adbcdc0b5e1f89ed0ca6b3') in 0.007028 seconds 
========================================================================
Received Import Request.
  Time since last request: 169.973874 seconds.
  path: Assets/XR
  artifactKey: Guid(e4f2e8c4367c9ec46a08ae2efadd08df) Importer(815301076,1909f56bfc062723c751e8b465ee728b)
Start importing Assets/XR using Guid(e4f2e8c4367c9ec46a08ae2efadd08df) Importer(815301076,1909f56bfc062723c751e8b465ee728b)  -> (artifact id: '926fbbb4f44102e29485465f100c7a6f') in 0.010306 seconds 
========================================================================
Received Import Request.
  Time since last request: 1.858055 seconds.
  path: Assets/test_cloudpoint.unity
  artifactKey: Guid(d5adae57963b19241ad0db5ced3f744d) Importer(815301076,1909f56bfc062723c751e8b465ee728b)
Start importing Assets/test_cloudpoint.unity using Guid(d5adae57963b19241ad0db5ced3f744d) Importer(815301076,1909f56bfc062723c751e8b465ee728b)  -> (artifact id: 'a546f29f1f67f2d057c2332e37e8e621') in 0.017049 seconds 
========================================================================
Received Import Request.
  Time since last request: 10.327499 seconds.
  path: Assets/UnityARKitPlugin
  artifactKey: Guid(a30e9c78801a1c8428e1792cad6e2f03) Importer(815301076,1909f56bfc062723c751e8b465ee728b)
Start importing Assets/UnityARKitPlugin using Guid(a30e9c78801a1c8428e1792cad6e2f03) Importer(815301076,1909f56bfc062723c751e8b465ee728b)  -> (artifact id: '8f06404a3132e1dc18cbc88ee4714e8a') in 0.010059 seconds 
========================================================================
Received Import Request.
  Time since last request: 3.096932 seconds.
  path: Assets/UnityARInterface
  artifactKey: Guid(67e11b50dcd5c7244a9205257784ab20) Importer(815301076,1909f56bfc062723c751e8b465ee728b)
Start importing Assets/UnityARInterface using Guid(67e11b50dcd5c7244a9205257784ab20) Importer(815301076,1909f56bfc062723c751e8b465ee728b)  -> (artifact id: 'cc3aa05c4b8495cd47c92fbfbf78de23') in 0.010036 seconds 
========================================================================
Received Import Request.
  Time since last request: 0.973416 seconds.
  path: Assets/UnityARInterface/Prefabs
  artifactKey: Guid(134f585f116ac864f9ec3975a70b36c7) Importer(815301076,1909f56bfc062723c751e8b465ee728b)
Start importing Assets/UnityARInterface/Prefabs using Guid(134f585f116ac864f9ec3975a70b36c7) Importer(815301076,1909f56bfc062723c751e8b465ee728b)  -> (artifact id: 'e43a12f7248f4b8e8ba0cdd51d8f78e2') in 0.010364 seconds 
========================================================================
Received Import Request.
  Time since last request: 8.994244 seconds.
  path: Assets/UnityARKitPlugin/UnityARKitPluginSettings.cs
  artifactKey: Guid(1455ba84ef573934689cabdbe23fd25b) Importer(815301076,1909f56bfc062723c751e8b465ee728b)
Start importing Assets/UnityARKitPlugin/UnityARKitPluginSettings.cs using Guid(1455ba84ef573934689cabdbe23fd25b) Importer(815301076,1909f56bfc062723c751e8b465ee728b)  -> (artifact id: '0009b0d29e0950b055a3a780ebf1bebd') in 0.011186 seconds 
========================================================================
Received Prepare
Registering precompiled user dll's ...
Registered in 0.009209 seconds.
Begin MonoManager ReloadAssembly
Native extension for WindowsStandalone target not found
Refreshing native plugins compatible for Editor in 1.17 ms, found 1 plugins.
Preloading 0 native plugins for Editor in 0.00 ms.
UnityIAP: [InitializeOnLoad] Facebook Check
UnityIAP: Runtime [2021.2.0a5]
UnityIAP: Current Build is Android:Android
UnityIAP: stub FacebookStore.dll disabled
Mono: successfully reloaded assembly
- Completed reload, in  1.129 seconds
Platform modules already initialized, skipping
Switching build target platform(19) subTarget(0) extendedPlatform(0) -> platform(13) subTarget(589824) extendedPlatform(0)
Refreshing native plugins compatible for Editor in 1.12 ms, found 1 plugins.
Preloading 0 native plugins for Editor in 0.00 ms.
Unloading 4542 Unused Serialized files (Serialized files now loaded: 0)
System memory in use before: 159.0 MB.
System memory in use after: 159.2 MB.

Unloading 80 unused Assets to reduce memory usage. Loaded Objects now: 4971.
Total: 5.495400 ms (FindLiveObjects: 0.281900 ms CreateObjectMapping: 0.234800 ms MarkObjects: 4.944800 ms  DeleteObjects: 0.033100 ms)

AssetImportParameters requested are different than current active one (requested -> active):
  custom:graphics/normal-map-encoding: 01000000000000000000000000000000 -> 02000000000000000000000000000000
========================================================================
Received Prepare
Refreshing native plugins compatible for Editor in 15.93 ms, found 1 plugins.
Preloading 0 native plugins for Editor in 0.00 ms.
Unloading 77 Unused Serialized files (Serialized files now loaded: 0)
System memory in use before: 70.7 MB.
System memory in use after: 71.0 MB.

Unloading 77 unused Assets to reduce memory usage. Loaded Objects now: 4971.
Total: 5.387200 ms (FindLiveObjects: 0.296400 ms CreateObjectMapping: 0.212800 ms MarkObjects: 4.845200 ms  DeleteObjects: 0.032100 ms)

========================================================================
Received Prepare
Refreshing native plugins compatible for Editor in 17.06 ms, found 1 plugins.
Preloading 0 native plugins for Editor in 0.00 ms.
Unloading 77 Unused Serialized files (Serialized files now loaded: 0)
System memory in use before: 70.7 MB.
System memory in use after: 71.0 MB.

Unloading 77 unused Assets to reduce memory usage. Loaded Objects now: 4971.
Total: 6.285400 ms (FindLiveObjects: 0.299800 ms CreateObjectMapping: 0.220200 ms MarkObjects: 5.732600 ms  DeleteObjects: 0.031700 ms)

