Using pre-set license
Built from 'trunk' branch; Version is '2021.2.0a5 (4a734693b889) revision 4879174'; Using compiler version '192829333'; Build Type 'Release'
OS: 'Windows 10 Pro; OS build 18363.1379; Version 1909; 64bit' Language: 'ko' Physical Memory: 32665 MB
BatchMode: 1, IsHumanControllingUs: 0, StartBugReporterOnCrash: 0, Is64bit: 1, IsPro: 0

 COMMAND LINE ARGUMENTS:
C:\Program Files\Unity\Hub\Editor\2021.2.0a5\Editor\Unity.exe
-adb2
-batchMode
-noUpm
-name
AssetImportWorker0
-projectPath
C:/work/mapbox-unity-sdk/sdkproject
-logFile
Logs/AssetImportWorker0.log
-srvPort
51270
Successfully changed project path to: C:/work/mapbox-unity-sdk/sdkproject
C:/work/mapbox-unity-sdk/sdkproject
Using Asset Import Pipeline V2.
Refreshing native plugins compatible for Editor in 107.73 ms, found 1 plugins.
Preloading 0 native plugins for Editor in 0.00 ms.
Initialize engine version: 2021.2.0a5 (4a734693b889)
[Subsystems] Discovering subsystems at path C:/Program Files/Unity/Hub/Editor/2021.2.0a5/Editor/Data/Resources/UnitySubsystems
[Subsystems] Discovering subsystems at path C:/work/mapbox-unity-sdk/sdkproject/Assets
GfxDevice: creating device client; threaded=0; jobified=0
Direct3D:
    Version:  Direct3D 11.0 [level 11.1]
    Renderer: Intel(R) UHD Graphics 630 (ID=0x3e92)
    Vendor:   Intel
    VRAM:     16332 MB
    Driver:   27.20.100.9126
Initialize mono
Mono path[0] = 'C:/Program Files/Unity/Hub/Editor/2021.2.0a5/Editor/Data/Managed'
Mono path[1] = 'C:/Program Files/Unity/Hub/Editor/2021.2.0a5/Editor/Data/MonoBleedingEdge/lib/mono/unityjit'
Mono config path = 'C:/Program Files/Unity/Hub/Editor/2021.2.0a5/Editor/Data/MonoBleedingEdge/etc'
Using monoOptions --debugger-agent=transport=dt_socket,embedding=1,server=y,suspend=n,address=127.0.0.1:56720
Begin MonoManager ReloadAssembly
Registering precompiled unity dll's ...
Register platform support module: C:/Program Files/Unity/Hub/Editor/2021.2.0a5/Editor/Data/PlaybackEngines/WindowsStandaloneSupport/UnityEditor.WindowsStandalone.Extensions.dll
Registered in 0.001429 seconds.
Native extension for WindowsStandalone target not found
Refreshing native plugins compatible for Editor in 97.24 ms, found 1 plugins.
Preloading 0 native plugins for Editor in 0.00 ms.
Mono: successfully reloaded assembly
- Completed reload, in  1.373 seconds
Platform modules already initialized, skipping
Registering precompiled user dll's ...
Registered in 0.009680 seconds.
Begin MonoManager ReloadAssembly
Native extension for WindowsStandalone target not found
Refreshing native plugins compatible for Editor in 98.41 ms, found 1 plugins.
Preloading 0 native plugins for Editor in 0.00 ms.
UnityIAP: [InitializeOnLoad] Facebook Check
UnityIAP: Runtime [2021.2.0a5]
UnityIAP: Current Build is Android:StandaloneWindows64
UnityIAP: stub FacebookStore.dll disabled
Package Manager log level set to [2]
Mono: successfully reloaded assembly
- Completed reload, in  1.236 seconds
Platform modules already initialized, skipping
========================================================================
Worker process is ready to serve import requests
Launched and connected shader compiler UnityShaderCompiler.exe after 0.03 seconds
Refreshing native plugins compatible for Editor in 1.09 ms, found 1 plugins.
Preloading 0 native plugins for Editor in 0.00 ms.
Unloading 4566 Unused Serialized files (Serialized files now loaded: 0)
System memory in use before: 161.1 MB.
System memory in use after: 161.3 MB.

Unloading 92 unused Assets to reduce memory usage. Loaded Objects now: 4967.
Total: 5.353400 ms (FindLiveObjects: 0.369900 ms CreateObjectMapping: 0.217200 ms MarkObjects: 4.674100 ms  DeleteObjects: 0.091300 ms)

========================================================================
Received Import Request.
  path: Assets/MapboxAR/Prefabs/WorldAlignmentKit 1.prefab
  artifactKey: Guid(4e911ddda85336c4188a1a41a2a23ac7) Importer(815301076,1909f56bfc062723c751e8b465ee728b)
Start importing Assets/MapboxAR/Prefabs/WorldAlignmentKit 1.prefab using Guid(4e911ddda85336c4188a1a41a2a23ac7) Importer(815301076,1909f56bfc062723c751e8b465ee728b)  -> (artifact id: 'd2054e42635956d6c89271be1d58319a') in 0.092603 seconds 
========================================================================
Received Import Request.
  Time since last request: 1.653293 seconds.
  path: Assets/MapboxAR/Prefabs/WorldAlignmentKit_ARF.prefab
  artifactKey: Guid(4e911ddda85336c4188a1a41a2a23ac7) Importer(815301076,1909f56bfc062723c751e8b465ee728b)
Start importing Assets/MapboxAR/Prefabs/WorldAlignmentKit_ARF.prefab using Guid(4e911ddda85336c4188a1a41a2a23ac7) Importer(815301076,1909f56bfc062723c751e8b465ee728b)  -> (artifact id: '2819c473b47278dc5e83903542183a7b') in 0.013499 seconds 
========================================================================
Received Import Request.
  Time since last request: 2.961338 seconds.
  path: Assets/MapboxAR/Prefabs/WorldAlignmentKitManual.prefab
  artifactKey: Guid(840fafd579d474d53ba0a6b55a3f7a89) Importer(815301076,1909f56bfc062723c751e8b465ee728b)
Start importing Assets/MapboxAR/Prefabs/WorldAlignmentKitManual.prefab using Guid(840fafd579d474d53ba0a6b55a3f7a89) Importer(815301076,1909f56bfc062723c751e8b465ee728b)  -> (artifact id: '8df3857039a73469f66a21693314c83b') in 0.077736 seconds 
========================================================================
Received Prepare
Registering precompiled user dll's ...
Registered in 0.009586 seconds.
Begin MonoManager ReloadAssembly
Native extension for WindowsStandalone target not found
Refreshing native plugins compatible for Editor in 1.22 ms, found 1 plugins.
Preloading 0 native plugins for Editor in 0.00 ms.
UnityIAP: [InitializeOnLoad] Facebook Check
UnityIAP: Runtime [2021.2.0a5]
UnityIAP: Current Build is Android:Android
UnityIAP: stub FacebookStore.dll disabled
Mono: successfully reloaded assembly
- Completed reload, in  1.080 seconds
Platform modules already initialized, skipping
Switching build target platform(19) subTarget(0) extendedPlatform(0) -> platform(13) subTarget(589824) extendedPlatform(0)
Refreshing native plugins compatible for Editor in 1.17 ms, found 1 plugins.
Preloading 0 native plugins for Editor in 0.00 ms.
Unloading 4543 Unused Serialized files (Serialized files now loaded: 0)
System memory in use before: 163.5 MB.
System memory in use after: 163.8 MB.

Unloading 88 unused Assets to reduce memory usage. Loaded Objects now: 4981.
Total: 5.554400 ms (FindLiveObjects: 0.282100 ms CreateObjectMapping: 0.197400 ms MarkObjects: 4.938800 ms  DeleteObjects: 0.135200 ms)

AssetImportParameters requested are different than current active one (requested -> active):
  custom:graphics/normal-map-encoding: 01000000000000000000000000000000 -> 02000000000000000000000000000000
========================================================================
Received Prepare
Refreshing native plugins compatible for Editor in 15.13 ms, found 1 plugins.
Preloading 0 native plugins for Editor in 0.00 ms.
Unloading 77 Unused Serialized files (Serialized files now loaded: 0)
System memory in use before: 75.2 MB.
System memory in use after: 75.4 MB.

Unloading 77 unused Assets to reduce memory usage. Loaded Objects now: 4981.
Total: 5.082100 ms (FindLiveObjects: 0.275000 ms CreateObjectMapping: 0.194700 ms MarkObjects: 4.587700 ms  DeleteObjects: 0.024100 ms)

========================================================================
Received Prepare
Registering precompiled user dll's ...
Registered in 0.009192 seconds.
Begin MonoManager ReloadAssembly
Native extension for WindowsStandalone target not found
Refreshing native plugins compatible for Editor in 1.16 ms, found 1 plugins.
Preloading 0 native plugins for Editor in 0.00 ms.
UnityIAP: [InitializeOnLoad] Facebook Check
UnityIAP: Runtime [2021.2.0a5]
UnityIAP: Current Build is Android:Android
UnityIAP: stub FacebookStore.dll disabled
Mono: successfully reloaded assembly
- Completed reload, in  1.034 seconds
Platform modules already initialized, skipping
Switching build target platform(19) subTarget(0) extendedPlatform(0) -> platform(13) subTarget(589824) extendedPlatform(0)
Refreshing native plugins compatible for Editor in 1.21 ms, found 1 plugins.
Preloading 0 native plugins for Editor in 0.00 ms.
Unloading 4542 Unused Serialized files (Serialized files now loaded: 0)
System memory in use before: 163.3 MB.
System memory in use after: 163.6 MB.

Unloading 81 unused Assets to reduce memory usage. Loaded Objects now: 4983.
Total: 5.556500 ms (FindLiveObjects: 0.297100 ms CreateObjectMapping: 0.272200 ms MarkObjects: 4.900600 ms  DeleteObjects: 0.085900 ms)

AssetImportParameters requested are different than current active one (requested -> active):
  custom:graphics/normal-map-encoding: 01000000000000000000000000000000 -> 02000000000000000000000000000000
========================================================================
Received Prepare
Refreshing native plugins compatible for Editor in 15.87 ms, found 1 plugins.
Preloading 0 native plugins for Editor in 0.00 ms.
Unloading 78 Unused Serialized files (Serialized files now loaded: 0)
System memory in use before: 75.4 MB.
System memory in use after: 75.6 MB.

Unloading 77 unused Assets to reduce memory usage. Loaded Objects now: 4984.
Total: 5.179600 ms (FindLiveObjects: 0.288400 ms CreateObjectMapping: 0.220200 ms MarkObjects: 4.642500 ms  DeleteObjects: 0.027400 ms)

========================================================================
Received Prepare
Refreshing native plugins compatible for Editor in 16.15 ms, found 1 plugins.
Preloading 0 native plugins for Editor in 0.00 ms.
Unloading 77 Unused Serialized files (Serialized files now loaded: 0)
System memory in use before: 75.3 MB.
System memory in use after: 75.5 MB.

Unloading 77 unused Assets to reduce memory usage. Loaded Objects now: 4984.
Total: 5.618400 ms (FindLiveObjects: 0.314600 ms CreateObjectMapping: 0.234100 ms MarkObjects: 5.034600 ms  DeleteObjects: 0.033900 ms)

========================================================================
Received Prepare
Refreshing native plugins compatible for Editor in 17.12 ms, found 1 plugins.
Preloading 0 native plugins for Editor in 0.00 ms.
Unloading 77 Unused Serialized files (Serialized files now loaded: 0)
System memory in use before: 75.3 MB.
System memory in use after: 75.5 MB.

Unloading 77 unused Assets to reduce memory usage. Loaded Objects now: 4984.
Total: 5.911900 ms (FindLiveObjects: 0.343200 ms CreateObjectMapping: 0.319300 ms MarkObjects: 5.216600 ms  DeleteObjects: 0.031800 ms)

========================================================================
Received Prepare
Refreshing native plugins compatible for Editor in 17.37 ms, found 1 plugins.
Preloading 0 native plugins for Editor in 0.00 ms.
Unloading 77 Unused Serialized files (Serialized files now loaded: 0)
System memory in use before: 75.3 MB.
System memory in use after: 75.5 MB.

Unloading 77 unused Assets to reduce memory usage. Loaded Objects now: 4984.
Total: 6.265400 ms (FindLiveObjects: 0.323900 ms CreateObjectMapping: 0.267200 ms MarkObjects: 5.640700 ms  DeleteObjects: 0.032300 ms)

========================================================================
Received Prepare
Registering precompiled user dll's ...
Registered in 0.009034 seconds.
Begin MonoManager ReloadAssembly
Native extension for WindowsStandalone target not found
Refreshing native plugins compatible for Editor in 1.20 ms, found 1 plugins.
Preloading 0 native plugins for Editor in 0.00 ms.
UnityIAP: [InitializeOnLoad] Facebook Check
UnityIAP: Runtime [2021.2.0a5]
UnityIAP: Current Build is Android:Android
UnityIAP: stub FacebookStore.dll disabled
Mono: successfully reloaded assembly
- Completed reload, in  1.112 seconds
Platform modules already initialized, skipping
Switching build target platform(19) subTarget(0) extendedPlatform(0) -> platform(13) subTarget(589824) extendedPlatform(0)
Refreshing native plugins compatible for Editor in 1.23 ms, found 1 plugins.
Preloading 0 native plugins for Editor in 0.00 ms.
Unloading 4542 Unused Serialized files (Serialized files now loaded: 0)
System memory in use before: 163.4 MB.
System memory in use after: 163.6 MB.

Unloading 80 unused Assets to reduce memory usage. Loaded Objects now: 4987.
Total: 5.905600 ms (FindLiveObjects: 0.381300 ms CreateObjectMapping: 0.305100 ms MarkObjects: 5.177200 ms  DeleteObjects: 0.040500 ms)

AssetImportParameters requested are different than current active one (requested -> active):
  custom:graphics/normal-map-encoding: 01000000000000000000000000000000 -> 02000000000000000000000000000000
========================================================================
Received Prepare
Refreshing native plugins compatible for Editor in 17.06 ms, found 1 plugins.
Preloading 0 native plugins for Editor in 0.00 ms.
Unloading 77 Unused Serialized files (Serialized files now loaded: 0)
System memory in use before: 75.2 MB.
System memory in use after: 75.4 MB.

Unloading 77 unused Assets to reduce memory usage. Loaded Objects now: 4987.
Total: 5.670000 ms (FindLiveObjects: 0.365200 ms CreateObjectMapping: 0.276100 ms MarkObjects: 4.993400 ms  DeleteObjects: 0.034200 ms)

========================================================================
Received Prepare
Refreshing native plugins compatible for Editor in 15.96 ms, found 1 plugins.
Preloading 0 native plugins for Editor in 0.00 ms.
Unloading 77 Unused Serialized files (Serialized files now loaded: 0)
System memory in use before: 75.2 MB.
System memory in use after: 75.4 MB.

Unloading 77 unused Assets to reduce memory usage. Loaded Objects now: 4987.
Total: 7.013900 ms (FindLiveObjects: 0.367600 ms CreateObjectMapping: 0.264900 ms MarkObjects: 6.347000 ms  DeleteObjects: 0.033200 ms)

========================================================================
Received Import Request.
  Time since last request: 2144.981230 seconds.
  path: Assets/UnityARKitPlugin/FocusSquare
  artifactKey: Guid(42875ce2cde2346479c9c2402e6f3df5) Importer(815301076,1909f56bfc062723c751e8b465ee728b)
Start importing Assets/UnityARKitPlugin/FocusSquare using Guid(42875ce2cde2346479c9c2402e6f3df5) Importer(815301076,1909f56bfc062723c751e8b465ee728b)  -> (artifact id: '93d7a5ef470e5afbf0cff322b0c3d7ab') in 0.011343 seconds 
AssetImportWorkerClient::OnTransportError - code=2 error=End of file
